<?xml version="1.0" encoding="UTF-8" ?>
<testsuite tests="71" failures="4" name="TestSuite" time="14.571" errors="0" skipped="2">
  <properties>
    <property name="java.runtime.name" value="Java(TM) SE Runtime Environment"/>
    <property name="sun.boot.library.path" value="C:\Program Files\Java\jdk1.8.0_161\jre\bin"/>
    <property name="java.vm.version" value="25.161-b12"/>
    <property name="java.vm.vendor" value="Oracle Corporation"/>
    <property name="java.vendor.url" value="http://java.oracle.com/"/>
    <property name="path.separator" value=";"/>
    <property name="java.vm.name" value="Java HotSpot(TM) 64-Bit Server VM"/>
    <property name="file.encoding.pkg" value="sun.io"/>
    <property name="user.script" value=""/>
    <property name="user.country" value="CN"/>
    <property name="sun.java.launcher" value="SUN_STANDARD"/>
    <property name="sun.os.patch.level" value="Service Pack 1"/>
    <property name="java.vm.specification.name" value="Java Virtual Machine Specification"/>
    <property name="user.dir" value="D:\java_interface\testng\Test_ehr"/>
    <property name="java.runtime.version" value="1.8.0_161-b12"/>
    <property name="java.awt.graphicsenv" value="sun.awt.Win32GraphicsEnvironment"/>
    <property name="basedir" value="D:\java_interface\testng\Test_ehr"/>
    <property name="java.endorsed.dirs" value="C:\Program Files\Java\jdk1.8.0_161\jre\lib\endorsed"/>
    <property name="os.arch" value="amd64"/>
    <property name="surefire.real.class.path" value="D:\java_interface\testng\Test_ehr\target\surefire\surefirebooter2358962571490060555.jar"/>
    <property name="java.io.tmpdir" value="C:\Users\SHOUTI~1\AppData\Local\Temp\"/>
    <property name="line.separator" value="
"/>
    <property name="java.vm.specification.vendor" value="Oracle Corporation"/>
    <property name="user.variant" value=""/>
    <property name="os.name" value="Windows 7"/>
    <property name="sun.jnu.encoding" value="GBK"/>
    <property name="java.library.path" value="C:\Program Files\Java\jdk1.8.0_161\jre\bin;C:\Windows\Sun\Java\bin;C:\Windows\system32;C:\Windows;C:\Program Files\VanDyke Software\Clients\;D:\app\BF400255\product\11.2.0\dbhome_1\bin;C:\ProgramData\Oracle\Java\javapath;C:\Windows\system32;C:\Windows;C:\Windows\System32\Wbem;C:\Windows\System32\WindowsPowerShell\v1.0\;C:\Program Files\Java\jdk1.8.0_161\jre\bin;C:\Program Files\Java\jdk1.8.0_161\bin;D:\apache-tomcat-7.0.93\bin;ANT_HOME\bin;D:\apache-maven-3.3.3\bin;C:\Program Files\TortoiseSVN\bin;C:\Program Files\nodejs\;C:\Program Files\apache-ant-1.9.4\bin;D:\apache-tomcat-7.0.93\lib;C:\Program Files (x86)\Android\Andriod_SDK\build-tools\27.0.1;C:\Program Files (x86)\Android\Andriod_SDK\platform-tools;C:\Program Files (x86)\Android\Andriod_SDK\tools;C:\Program Files\erl10.0.1\bin;C:\Program Files\RabbitMQ Server\rabbitmq_server-3.7.7\sbin;D:\jmeter\bin;C:\Python38;C:\Python38\Scripts\;C:\Program Files\Python38\;C:\Program Files\Scripts\;C:\Program Files\;C:\Program Files\EsafeNet\Cobra DocGuard Client;C:\Users\shouting_zhang\AppData\Local\Programs\Fiddler;C:\Users\shouting_zhang\AppData\Roaming\npm;D:\apache-maven-3.3.3\bin;."/>
    <property name="surefire.test.class.path" value="D:\java_interface\testng\Test_ehr\target\test-classes;D:\java_interface\testng\Test_ehr\target\classes;D:\maven\repository\com\relevantcodes\extentreports\2.41.1\extentreports-2.41.1.jar;D:\maven\repository\org\jsoup\jsoup\1.8.3\jsoup-1.8.3.jar;D:\maven\repository\org\xerial\sqlite-jdbc\3.31.1\sqlite-jdbc-3.31.1.jar;D:\maven\repository\org\freemarker\freemarker\2.3.30\freemarker-2.3.30.jar;D:\maven\repository\org\mongodb\mongodb-driver\3.0.4\mongodb-driver-3.0.4.jar;D:\maven\repository\org\mongodb\bson\4.0.4\bson-4.0.4.jar;D:\maven\repository\org\mongodb\mongodb-driver-core\4.0.4\mongodb-driver-core-4.0.4.jar;D:\maven\repository\com\vimalselvam\testng-extentsreport\1.3.1\testng-extentsreport-1.3.1.jar;D:\maven\repository\com\google\guava\guava\20.0\guava-20.0.jar;D:\maven\repository\com\aventstack\extentreports\3.0.6\extentreports-3.0.6.jar;D:\maven\repository\org\apache\httpcomponents\httpmime\4.5.12\httpmime-4.5.12.jar;D:\maven\repository\org\testng\testng\6.10\testng-6.10.jar;D:\maven\repository\com\beust\jcommander\1.48\jcommander-1.48.jar;D:\maven\repository\org\mybatis\mybatis\3.4.4\mybatis-3.4.4.jar;D:\maven\repository\org\apache\httpcomponents\httpclient\4.1.2\httpclient-4.1.2.jar;D:\maven\repository\org\apache\httpcomponents\httpcore\4.4.13\httpcore-4.4.13.jar;D:\maven\repository\commons-codec\commons-codec\1.14\commons-codec-1.14.jar;D:\maven\repository\com\alibaba\fastjson\1.2.38\fastjson-1.2.38.jar;D:\maven\repository\mysql\mysql-connector-java\5.1.6\mysql-connector-java-5.1.6.jar;D:\maven\repository\org\projectlombok\lombok\1.16.14\lombok-1.16.14.jar;D:\maven\repository\commons-logging\commons-logging\1.2\commons-logging-1.2.jar;D:\maven\repository\org\springframework\boot\spring-boot-starter-log4j2\2.3.1.RELEASE\spring-boot-starter-log4j2-2.3.1.RELEASE.jar;D:\maven\repository\org\apache\logging\log4j\log4j-slf4j-impl\2.13.3\log4j-slf4j-impl-2.13.3.jar;D:\maven\repository\org\slf4j\slf4j-api\1.7.30\slf4j-api-1.7.30.jar;D:\maven\repository\org\apache\logging\log4j\log4j-api\2.13.3\log4j-api-2.13.3.jar;D:\maven\repository\org\apache\logging\log4j\log4j-core\2.13.3\log4j-core-2.13.3.jar;D:\maven\repository\org\apache\logging\log4j\log4j-jul\2.13.3\log4j-jul-2.13.3.jar;D:\maven\repository\org\slf4j\jul-to-slf4j\1.7.30\jul-to-slf4j-1.7.30.jar;D:\maven\repository\org\springframework\boot\spring-boot-starter-web\2.3.1.RELEASE\spring-boot-starter-web-2.3.1.RELEASE.jar;D:\maven\repository\org\springframework\boot\spring-boot-starter\2.3.1.RELEASE\spring-boot-starter-2.3.1.RELEASE.jar;D:\maven\repository\org\springframework\boot\spring-boot\2.3.1.RELEASE\spring-boot-2.3.1.RELEASE.jar;D:\maven\repository\org\springframework\boot\spring-boot-autoconfigure\2.3.1.RELEASE\spring-boot-autoconfigure-2.3.1.RELEASE.jar;D:\maven\repository\jakarta\annotation\jakarta.annotation-api\1.3.5\jakarta.annotation-api-1.3.5.jar;D:\maven\repository\org\springframework\spring-core\5.2.7.RELEASE\spring-core-5.2.7.RELEASE.jar;D:\maven\repository\org\springframework\spring-jcl\5.2.7.RELEASE\spring-jcl-5.2.7.RELEASE.jar;D:\maven\repository\org\yaml\snakeyaml\1.26\snakeyaml-1.26.jar;D:\maven\repository\org\springframework\boot\spring-boot-starter-json\2.3.1.RELEASE\spring-boot-starter-json-2.3.1.RELEASE.jar;D:\maven\repository\com\fasterxml\jackson\core\jackson-databind\2.11.0\jackson-databind-2.11.0.jar;D:\maven\repository\com\fasterxml\jackson\core\jackson-annotations\2.11.0\jackson-annotations-2.11.0.jar;D:\maven\repository\com\fasterxml\jackson\core\jackson-core\2.11.0\jackson-core-2.11.0.jar;D:\maven\repository\com\fasterxml\jackson\datatype\jackson-datatype-jdk8\2.11.0\jackson-datatype-jdk8-2.11.0.jar;D:\maven\repository\com\fasterxml\jackson\datatype\jackson-datatype-jsr310\2.11.0\jackson-datatype-jsr310-2.11.0.jar;D:\maven\repository\com\fasterxml\jackson\module\jackson-module-parameter-names\2.11.0\jackson-module-parameter-names-2.11.0.jar;D:\maven\repository\org\springframework\boot\spring-boot-starter-tomcat\2.3.1.RELEASE\spring-boot-starter-tomcat-2.3.1.RELEASE.jar;D:\maven\repository\org\apache\tomcat\embed\tomcat-embed-core\9.0.36\tomcat-embed-core-9.0.36.jar;D:\maven\repository\org\glassfish\jakarta.el\3.0.3\jakarta.el-3.0.3.jar;D:\maven\repository\org\apache\tomcat\embed\tomcat-embed-websocket\9.0.36\tomcat-embed-websocket-9.0.36.jar;D:\maven\repository\org\springframework\spring-web\5.2.7.RELEASE\spring-web-5.2.7.RELEASE.jar;D:\maven\repository\org\springframework\spring-beans\5.2.7.RELEASE\spring-beans-5.2.7.RELEASE.jar;D:\maven\repository\org\springframework\spring-webmvc\5.2.7.RELEASE\spring-webmvc-5.2.7.RELEASE.jar;D:\maven\repository\org\springframework\spring-aop\5.2.7.RELEASE\spring-aop-5.2.7.RELEASE.jar;D:\maven\repository\org\springframework\spring-context\5.2.7.RELEASE\spring-context-5.2.7.RELEASE.jar;D:\maven\repository\org\springframework\spring-expression\5.2.7.RELEASE\spring-expression-5.2.7.RELEASE.jar;D:\maven\repository\com\alibaba\druid\1.1.10\druid-1.1.10.jar;D:\maven\repository\javax\mail\mail\1.4.1\mail-1.4.1.jar;D:\maven\repository\javax\activation\activation\1.1\activation-1.1.jar;D:\maven\repository\cn\hutool\hutool-all\5.3.7\hutool-all-5.3.7.jar;"/>
    <property name="java.specification.name" value="Java Platform API Specification"/>
    <property name="java.class.version" value="52.0"/>
    <property name="sun.management.compiler" value="HotSpot 64-Bit Tiered Compilers"/>
    <property name="os.version" value="6.1"/>
    <property name="user.home" value="C:\Users\shouting_zhang"/>
    <property name="user.timezone" value="Asia/Shanghai"/>
    <property name="java.awt.printerjob" value="sun.awt.windows.WPrinterJob"/>
    <property name="java.specification.version" value="1.8"/>
    <property name="file.encoding" value="GBK"/>
    <property name="user.name" value="shouting_zhang"/>
    <property name="java.class.path" value="D:\java_interface\testng\Test_ehr\target\test-classes;D:\java_interface\testng\Test_ehr\target\classes;D:\maven\repository\com\relevantcodes\extentreports\2.41.1\extentreports-2.41.1.jar;D:\maven\repository\org\jsoup\jsoup\1.8.3\jsoup-1.8.3.jar;D:\maven\repository\org\xerial\sqlite-jdbc\3.31.1\sqlite-jdbc-3.31.1.jar;D:\maven\repository\org\freemarker\freemarker\2.3.30\freemarker-2.3.30.jar;D:\maven\repository\org\mongodb\mongodb-driver\3.0.4\mongodb-driver-3.0.4.jar;D:\maven\repository\org\mongodb\bson\4.0.4\bson-4.0.4.jar;D:\maven\repository\org\mongodb\mongodb-driver-core\4.0.4\mongodb-driver-core-4.0.4.jar;D:\maven\repository\com\vimalselvam\testng-extentsreport\1.3.1\testng-extentsreport-1.3.1.jar;D:\maven\repository\com\google\guava\guava\20.0\guava-20.0.jar;D:\maven\repository\com\aventstack\extentreports\3.0.6\extentreports-3.0.6.jar;D:\maven\repository\org\apache\httpcomponents\httpmime\4.5.12\httpmime-4.5.12.jar;D:\maven\repository\org\testng\testng\6.10\testng-6.10.jar;D:\maven\repository\com\beust\jcommander\1.48\jcommander-1.48.jar;D:\maven\repository\org\mybatis\mybatis\3.4.4\mybatis-3.4.4.jar;D:\maven\repository\org\apache\httpcomponents\httpclient\4.1.2\httpclient-4.1.2.jar;D:\maven\repository\org\apache\httpcomponents\httpcore\4.4.13\httpcore-4.4.13.jar;D:\maven\repository\commons-codec\commons-codec\1.14\commons-codec-1.14.jar;D:\maven\repository\com\alibaba\fastjson\1.2.38\fastjson-1.2.38.jar;D:\maven\repository\mysql\mysql-connector-java\5.1.6\mysql-connector-java-5.1.6.jar;D:\maven\repository\org\projectlombok\lombok\1.16.14\lombok-1.16.14.jar;D:\maven\repository\commons-logging\commons-logging\1.2\commons-logging-1.2.jar;D:\maven\repository\org\springframework\boot\spring-boot-starter-log4j2\2.3.1.RELEASE\spring-boot-starter-log4j2-2.3.1.RELEASE.jar;D:\maven\repository\org\apache\logging\log4j\log4j-slf4j-impl\2.13.3\log4j-slf4j-impl-2.13.3.jar;D:\maven\repository\org\slf4j\slf4j-api\1.7.30\slf4j-api-1.7.30.jar;D:\maven\repository\org\apache\logging\log4j\log4j-api\2.13.3\log4j-api-2.13.3.jar;D:\maven\repository\org\apache\logging\log4j\log4j-core\2.13.3\log4j-core-2.13.3.jar;D:\maven\repository\org\apache\logging\log4j\log4j-jul\2.13.3\log4j-jul-2.13.3.jar;D:\maven\repository\org\slf4j\jul-to-slf4j\1.7.30\jul-to-slf4j-1.7.30.jar;D:\maven\repository\org\springframework\boot\spring-boot-starter-web\2.3.1.RELEASE\spring-boot-starter-web-2.3.1.RELEASE.jar;D:\maven\repository\org\springframework\boot\spring-boot-starter\2.3.1.RELEASE\spring-boot-starter-2.3.1.RELEASE.jar;D:\maven\repository\org\springframework\boot\spring-boot\2.3.1.RELEASE\spring-boot-2.3.1.RELEASE.jar;D:\maven\repository\org\springframework\boot\spring-boot-autoconfigure\2.3.1.RELEASE\spring-boot-autoconfigure-2.3.1.RELEASE.jar;D:\maven\repository\jakarta\annotation\jakarta.annotation-api\1.3.5\jakarta.annotation-api-1.3.5.jar;D:\maven\repository\org\springframework\spring-core\5.2.7.RELEASE\spring-core-5.2.7.RELEASE.jar;D:\maven\repository\org\springframework\spring-jcl\5.2.7.RELEASE\spring-jcl-5.2.7.RELEASE.jar;D:\maven\repository\org\yaml\snakeyaml\1.26\snakeyaml-1.26.jar;D:\maven\repository\org\springframework\boot\spring-boot-starter-json\2.3.1.RELEASE\spring-boot-starter-json-2.3.1.RELEASE.jar;D:\maven\repository\com\fasterxml\jackson\core\jackson-databind\2.11.0\jackson-databind-2.11.0.jar;D:\maven\repository\com\fasterxml\jackson\core\jackson-annotations\2.11.0\jackson-annotations-2.11.0.jar;D:\maven\repository\com\fasterxml\jackson\core\jackson-core\2.11.0\jackson-core-2.11.0.jar;D:\maven\repository\com\fasterxml\jackson\datatype\jackson-datatype-jdk8\2.11.0\jackson-datatype-jdk8-2.11.0.jar;D:\maven\repository\com\fasterxml\jackson\datatype\jackson-datatype-jsr310\2.11.0\jackson-datatype-jsr310-2.11.0.jar;D:\maven\repository\com\fasterxml\jackson\module\jackson-module-parameter-names\2.11.0\jackson-module-parameter-names-2.11.0.jar;D:\maven\repository\org\springframework\boot\spring-boot-starter-tomcat\2.3.1.RELEASE\spring-boot-starter-tomcat-2.3.1.RELEASE.jar;D:\maven\repository\org\apache\tomcat\embed\tomcat-embed-core\9.0.36\tomcat-embed-core-9.0.36.jar;D:\maven\repository\org\glassfish\jakarta.el\3.0.3\jakarta.el-3.0.3.jar;D:\maven\repository\org\apache\tomcat\embed\tomcat-embed-websocket\9.0.36\tomcat-embed-websocket-9.0.36.jar;D:\maven\repository\org\springframework\spring-web\5.2.7.RELEASE\spring-web-5.2.7.RELEASE.jar;D:\maven\repository\org\springframework\spring-beans\5.2.7.RELEASE\spring-beans-5.2.7.RELEASE.jar;D:\maven\repository\org\springframework\spring-webmvc\5.2.7.RELEASE\spring-webmvc-5.2.7.RELEASE.jar;D:\maven\repository\org\springframework\spring-aop\5.2.7.RELEASE\spring-aop-5.2.7.RELEASE.jar;D:\maven\repository\org\springframework\spring-context\5.2.7.RELEASE\spring-context-5.2.7.RELEASE.jar;D:\maven\repository\org\springframework\spring-expression\5.2.7.RELEASE\spring-expression-5.2.7.RELEASE.jar;D:\maven\repository\com\alibaba\druid\1.1.10\druid-1.1.10.jar;D:\maven\repository\javax\mail\mail\1.4.1\mail-1.4.1.jar;D:\maven\repository\javax\activation\activation\1.1\activation-1.1.jar;D:\maven\repository\cn\hutool\hutool-all\5.3.7\hutool-all-5.3.7.jar;"/>
    <property name="java.vm.specification.version" value="1.8"/>
    <property name="sun.arch.data.model" value="64"/>
    <property name="java.home" value="C:\Program Files\Java\jdk1.8.0_161\jre"/>
    <property name="sun.java.command" value="D:\java_interface\testng\Test_ehr\target\surefire\surefirebooter2358962571490060555.jar D:\java_interface\testng\Test_ehr\target\surefire\surefire2559449796737986167tmp D:\java_interface\testng\Test_ehr\target\surefire\surefire6873302946902328876tmp"/>
    <property name="java.specification.vendor" value="Oracle Corporation"/>
    <property name="user.language" value="zh"/>
    <property name="awt.toolkit" value="sun.awt.windows.WToolkit"/>
    <property name="java.vm.info" value="mixed mode"/>
    <property name="java.version" value="1.8.0_161"/>
    <property name="java.ext.dirs" value="C:\Program Files\Java\jdk1.8.0_161\jre\lib\ext;C:\Windows\Sun\Java\lib\ext"/>
    <property name="sun.boot.class.path" value="C:\Program Files\Java\jdk1.8.0_161\jre\lib\resources.jar;C:\Program Files\Java\jdk1.8.0_161\jre\lib\rt.jar;C:\Program Files\Java\jdk1.8.0_161\jre\lib\sunrsasign.jar;C:\Program Files\Java\jdk1.8.0_161\jre\lib\jsse.jar;C:\Program Files\Java\jdk1.8.0_161\jre\lib\jce.jar;C:\Program Files\Java\jdk1.8.0_161\jre\lib\charsets.jar;C:\Program Files\Java\jdk1.8.0_161\jre\lib\jfr.jar;C:\Program Files\Java\jdk1.8.0_161\jre\classes"/>
    <property name="java.vendor" value="Oracle Corporation"/>
    <property name="localRepository" value="D:\maven\repository"/>
    <property name="file.separator" value="\"/>
    <property name="java.vendor.url.bug" value="http://bugreport.sun.com/bugreport/"/>
    <property name="sun.cpu.endian" value="little"/>
    <property name="sun.io.unicode.encoding" value="UnicodeLittle"/>
    <property name="sun.desktop" value="windows"/>
    <property name="sun.cpu.isalist" value="amd64"/>
  </properties>
  <testcase classname="com.ehr.cases.ehr_attendance" name="findErroAttendace" time="1.579">
    <failure message="expected [true] but found [false]" type="java.lang.AssertionError">java.lang.AssertionError: expected [true] but found [false]
	at org.testng.Assert.fail(Assert.java:94)
	at org.testng.Assert.failNotEquals(Assert.java:513)
	at org.testng.Assert.assertTrue(Assert.java:42)
	at org.testng.Assert.assertTrue(Assert.java:52)
	at com.ehr.cases.ehr_attendance.findErroAttendace(ehr_attendance.java:107)
</failure>
    <system-out>@HL
@HL-------------------------------------------------------
@HL T E S T S
@HL-------------------------------------------------------
@SLRunning TestSuite
7cebb5c41f5e4e73457a6037ae215a2f6212d74b7f84198d13e7c54135e240a89f94a3d525ef75772cc94ab3f6b30df38b2b846ea6a31687654f6317866ac2d9
考勤异常数据的id:[296361, 292596]
2
</system-out>
    <system-err>Loading class `com.mysql.jdbc.Driver&apos;. This is deprecated. The new driver class is `com.mysql.cj.jdbc.Driver&apos;. The driver is automatically registered via the SPI and manual loading of the driver class is generally unnecessary.
</system-err>
  </testcase>
  <testcase classname="com.ehr.cases.ehr_attendance" name="getAllPageTask" time="0.206"/>
  <testcase classname="com.ehr.cases.ehr_attendance" name="myOvertimeListPage" time="0.081"/>
  <testcase classname="com.ehr.cases.ehr_attendance" name="myVacatoinPage" time="0.082"/>
  <testcase classname="com.ehr.cases.ehr_attendance" name="overtimeApply" time="0.453">
    <failure type="java.lang.NullPointerException">java.lang.NullPointerException
	at com.ehr.cases.ehr_attendance.overtimeApply(ehr_attendance.java:184)
</failure>
  </testcase>
  <testcase classname="com.ehr.cases.ehr_attendance" name="fillCheckApply" time="0.455">
    <skipped/>
  </testcase>
  <testcase classname="com.ehr.cases.ehr_attendance" name="OvertimeRevocation" time="0.059">
    <failure message="expected [操作成功] but found [存在审批中或审批通过的撤销单据，不可重复撤销]" type="java.lang.AssertionError">java.lang.AssertionError: expected [操作成功] but found [存在审批中或审批通过的撤销单据，不可重复撤销]
	at org.testng.Assert.fail(Assert.java:94)
	at org.testng.Assert.failNotEquals(Assert.java:513)
	at org.testng.Assert.assertEqualsImpl(Assert.java:135)
	at org.testng.Assert.assertEquals(Assert.java:116)
	at org.testng.Assert.assertEquals(Assert.java:190)
	at org.testng.Assert.assertEquals(Assert.java:200)
	at com.ehr.cases.ehr_attendance.OvertimeRevocation(ehr_attendance.java:236)
</failure>
  </testcase>
  <testcase classname="com.ehr.cases.ehr_attendance" name="VacationRevocation" time="0.323"/>
  <testcase classname="com.ehr.cases.ehr_attendance" name="taskTransfer" time="1.174"/>
  <testcase classname="com.ehr.cases.ehr_attendance" name="vacationApply" time="1.175">
    <skipped/>
  </testcase>
  <testcase classname="com.ehr.cases.ehr_attendance" name="TaskToDo" time="0.161"/>
  <testcase classname="com.ehr.cases.ehr_attendance" name="taskCompleteBatch" time="0.035">
    <failure message="expected [操作成功] but found [离职申请审批,不支持批量操作,请重新选择]" type="java.lang.AssertionError">java.lang.AssertionError: expected [操作成功] but found [离职申请审批,不支持批量操作,请重新选择]
	at org.testng.Assert.fail(Assert.java:94)
	at org.testng.Assert.failNotEquals(Assert.java:513)
	at org.testng.Assert.assertEqualsImpl(Assert.java:135)
	at org.testng.Assert.assertEquals(Assert.java:116)
	at org.testng.Assert.assertEquals(Assert.java:190)
	at org.testng.Assert.assertEquals(Assert.java:200)
	at com.ehr.cases.ehr_attendance.taskCompleteBatch(ehr_attendance.java:387)
</failure>
  </testcase>
  <testcase classname="com.ehr.cases.ehr_links" name="ehr_link" time="0.228"/>
  <testcase classname="com.ehr.cases.ehr_links" name="ehr_link" time="0.112"/>
  <testcase classname="com.ehr.cases.ehr_links" name="ehr_link" time="0.179"/>
  <testcase classname="com.ehr.cases.ehr_links" name="ehr_link" time="0.173"/>
  <testcase classname="com.ehr.cases.ehr_links" name="ehr_link" time="0.124"/>
  <testcase classname="com.ehr.cases.ehr_links" name="ehr_link" time="0.106"/>
  <testcase classname="com.ehr.cases.ehr_links" name="ehr_link" time="0.196"/>
  <testcase classname="com.ehr.cases.ehr_links" name="ehr_link" time="0.05"/>
  <testcase classname="com.ehr.cases.ehr_links" name="ehr_link" time="0.027"/>
  <testcase classname="com.ehr.cases.ehr_links" name="ehr_link" time="0.126"/>
  <testcase classname="com.ehr.cases.ehr_links" name="ehr_link" time="0.237"/>
  <testcase classname="com.ehr.cases.ehr_links" name="ehr_link" time="0.265"/>
  <testcase classname="com.ehr.cases.ehr_links" name="ehr_link" time="0.055"/>
  <testcase classname="com.ehr.cases.ehr_links" name="ehr_link" time="0.065"/>
  <testcase classname="com.ehr.cases.ehr_links" name="ehr_link" time="0.114"/>
  <testcase classname="com.ehr.cases.ehr_links" name="ehr_link" time="0.402"/>
  <testcase classname="com.ehr.cases.ehr_links" name="ehr_link" time="0.123"/>
  <testcase classname="com.ehr.cases.ehr_links" name="ehr_link" time="0.088"/>
  <testcase classname="com.ehr.cases.ehr_links" name="ehr_link" time="0.062"/>
  <testcase classname="com.ehr.cases.ehr_links" name="ehr_link" time="0.163"/>
  <testcase classname="com.ehr.cases.ehr_links" name="ehr_link" time="0.241"/>
  <testcase classname="com.ehr.cases.ehr_links" name="ehr_link" time="0.08"/>
  <testcase classname="com.ehr.cases.ehr_links" name="ehr_link" time="0.707"/>
  <testcase classname="com.ehr.cases.ehr_links" name="ehr_link" time="0.327"/>
  <testcase classname="com.ehr.cases.ehr_links" name="ehr_link" time="0.252"/>
  <testcase classname="com.ehr.cases.ehr_links" name="ehr_link" time="0.286"/>
  <testcase classname="com.ehr.cases.ehr_links" name="ehr_link" time="0.201"/>
  <testcase classname="com.ehr.cases.ehr_links" name="ehr_link" time="0.057"/>
  <testcase classname="com.ehr.cases.ehr_links" name="ehr_link" time="0.127"/>
  <testcase classname="com.ehr.cases.ehr_links" name="ehr_link" time="0.125"/>
  <testcase classname="com.ehr.cases.ehr_links" name="ehr_link" time="0.023"/>
  <testcase classname="com.ehr.cases.ehr_links" name="ehr_link" time="0.022"/>
  <testcase classname="com.ehr.cases.ehr_links" name="ehr_link" time="0.202"/>
  <testcase classname="com.ehr.cases.ehr_links" name="ehr_link" time="0.186"/>
  <testcase classname="com.ehr.cases.ehr_links" name="ehr_link" time="0.027"/>
  <testcase classname="com.ehr.cases.ehr_links" name="ehr_link" time="0.033"/>
  <testcase classname="com.ehr.cases.ehr_links" name="ehr_link" time="0.024"/>
  <testcase classname="com.ehr.cases.ehr_links" name="ehr_link" time="0.015"/>
  <testcase classname="com.ehr.cases.ehr_links" name="ehr_link" time="0.019"/>
  <testcase classname="com.ehr.cases.ehr_links" name="ehr_link" time="0.023"/>
  <testcase classname="com.ehr.cases.ehr_links" name="ehr_link" time="0.022"/>
  <testcase classname="com.ehr.cases.ehr_links" name="ehr_link" time="0.02"/>
  <testcase classname="com.ehr.cases.ehr_links" name="ehr_link" time="0.067"/>
  <testcase classname="com.ehr.cases.ehr_links" name="ehr_link" time="0.077"/>
  <testcase classname="com.ehr.cases.ehr_links" name="ehr_link" time="0.021"/>
  <testcase classname="com.ehr.cases.ehr_links" name="ehr_link" time="0.028"/>
  <testcase classname="com.ehr.cases.ehr_links" name="ehr_link" time="0"/>
  <testcase classname="com.ehr.cases.ehr_links" name="ehr_link" time="0.072"/>
  <testcase classname="com.ehr.cases.ehr_links" name="ehr_link" time="0.048"/>
  <testcase classname="com.ehr.cases.ehr_links" name="ehr_link" time="0"/>
  <testcase classname="com.ehr.cases.ehr_links" name="ehr_link" time="0"/>
  <testcase classname="com.ehr.cases.ehr_links" name="ehr_link" time="0"/>
  <testcase classname="com.ehr.cases.ehr_links" name="ehr_link" time="0"/>
  <testcase classname="com.ehr.cases.ehr_links" name="ehr_link" time="0"/>
  <testcase classname="com.ehr.cases.ehr_links" name="ehr_link" time="0"/>
  <testcase classname="com.ehr.cases.ehr_links" name="ehr_link" time="0.014"/>
  <testcase classname="com.ehr.cases.ehr_links" name="ehr_link" time="0"/>
  <testcase classname="com.ehr.cases.ehr_links" name="ehr_link" time="0"/>
  <testcase classname="com.ehr.cases.ehr_links" name="ehr_link" time="0"/>
</testsuite>