<?xml version="1.0" encoding="UTF-8"?>
<!-- Generated by org.testng.reporters.JUnitReportReporter -->
<testsuite name="com.ehr.cases.ehr_links" tests="59" time="6.239" ignored="0" failures="0" timestamp="07 七月 2020 11:19:36 GMT" skipped="0" hostname="BF400255" errors="0">
  <testcase name="ehr_link" time="0.228" classname="com.ehr.cases.ehr_links"/>
  <testcase name="ehr_link" time="0.027" classname="com.ehr.cases.ehr_links"/>
  <testcase name="ehr_link" time="0.022" classname="com.ehr.cases.ehr_links"/>
  <testcase name="ehr_link" time="0.000" classname="com.ehr.cases.ehr_links"/>
  <testcase name="ehr_link" time="0.072" classname="com.ehr.cases.ehr_links"/>
  <testcase name="ehr_link" time="0.105" classname="com.ehr.cases.ehr_links"/>
  <testcase name="ehr_link" time="0.202" classname="com.ehr.cases.ehr_links"/>
  <testcase name="ehr_link" time="0.125" classname="com.ehr.cases.ehr_links"/>
  <testcase name="ehr_link" time="0.186" classname="com.ehr.cases.ehr_links"/>
  <testcase name="ehr_link" time="0.000" classname="com.ehr.cases.ehr_links"/>
  <testcase name="ehr_link" time="0.402" classname="com.ehr.cases.ehr_links"/>
  <testcase name="ehr_link" time="0.050" classname="com.ehr.cases.ehr_links"/>
  <testcase name="ehr_link" time="0.048" classname="com.ehr.cases.ehr_links"/>
  <testcase name="ehr_link" time="0.237" classname="com.ehr.cases.ehr_links"/>
  <testcase name="ehr_link" time="0.062" classname="com.ehr.cases.ehr_links"/>
  <testcase name="ehr_link" time="0.126" classname="com.ehr.cases.ehr_links"/>
  <testcase name="ehr_link" time="0.124" classname="com.ehr.cases.ehr_links"/>
  <testcase name="ehr_link" time="0.021" classname="com.ehr.cases.ehr_links"/>
  <testcase name="ehr_link" time="0.067" classname="com.ehr.cases.ehr_links"/>
  <testcase name="ehr_link" time="0.055" classname="com.ehr.cases.ehr_links"/>
  <testcase name="ehr_link" time="0.196" classname="com.ehr.cases.ehr_links"/>
  <testcase name="ehr_link" time="0.327" classname="com.ehr.cases.ehr_links"/>
  <testcase name="ehr_link" time="0.087" classname="com.ehr.cases.ehr_links"/>
  <testcase name="ehr_link" time="0.000" classname="com.ehr.cases.ehr_links"/>
  <testcase name="ehr_link" time="0.065" classname="com.ehr.cases.ehr_links"/>
  <testcase name="ehr_link" time="0.023" classname="com.ehr.cases.ehr_links"/>
  <testcase name="ehr_link" time="0.024" classname="com.ehr.cases.ehr_links"/>
  <testcase name="ehr_link" time="0.000" classname="com.ehr.cases.ehr_links"/>
  <testcase name="ehr_link" time="0.015" classname="com.ehr.cases.ehr_links"/>
  <testcase name="ehr_link" time="0.000" classname="com.ehr.cases.ehr_links"/>
  <testcase name="ehr_link" time="0.000" classname="com.ehr.cases.ehr_links"/>
  <testcase name="ehr_link" time="0.021" classname="com.ehr.cases.ehr_links"/>
  <testcase name="ehr_link" time="0.019" classname="com.ehr.cases.ehr_links"/>
  <testcase name="ehr_link" time="0.023" classname="com.ehr.cases.ehr_links"/>
  <testcase name="ehr_link" time="0.033" classname="com.ehr.cases.ehr_links"/>
  <testcase name="ehr_link" time="0.000" classname="com.ehr.cases.ehr_links"/>
  <testcase name="ehr_link" time="0.707" classname="com.ehr.cases.ehr_links"/>
  <testcase name="ehr_link" time="0.201" classname="com.ehr.cases.ehr_links"/>
  <testcase name="ehr_link" time="0.252" classname="com.ehr.cases.ehr_links"/>
  <testcase name="ehr_link" time="0.057" classname="com.ehr.cases.ehr_links"/>
  <testcase name="ehr_link" time="0.127" classname="com.ehr.cases.ehr_links"/>
  <testcase name="ehr_link" time="0.020" classname="com.ehr.cases.ehr_links"/>
  <testcase name="ehr_link" time="0.013" classname="com.ehr.cases.ehr_links"/>
  <testcase name="ehr_link" time="0.077" classname="com.ehr.cases.ehr_links"/>
  <testcase name="ehr_link" time="0.029" classname="com.ehr.cases.ehr_links"/>
  <testcase name="ehr_link" time="0.241" classname="com.ehr.cases.ehr_links"/>
  <testcase name="ehr_link" time="0.286" classname="com.ehr.cases.ehr_links"/>
  <testcase name="ehr_link" time="0.112" classname="com.ehr.cases.ehr_links"/>
  <testcase name="ehr_link" time="0.000" classname="com.ehr.cases.ehr_links"/>
  <testcase name="ehr_link" time="0.266" classname="com.ehr.cases.ehr_links"/>
  <testcase name="ehr_link" time="0.114" classname="com.ehr.cases.ehr_links"/>
  <testcase name="ehr_link" time="0.027" classname="com.ehr.cases.ehr_links"/>
  <testcase name="ehr_link" time="0.000" classname="com.ehr.cases.ehr_links"/>
  <testcase name="ehr_link" time="0.080" classname="com.ehr.cases.ehr_links"/>
  <testcase name="ehr_link" time="0.173" classname="com.ehr.cases.ehr_links"/>
  <testcase name="ehr_link" time="0.122" classname="com.ehr.cases.ehr_links"/>
  <testcase name="ehr_link" time="0.000" classname="com.ehr.cases.ehr_links"/>
  <testcase name="ehr_link" time="0.180" classname="com.ehr.cases.ehr_links"/>
  <testcase name="ehr_link" time="0.163" classname="com.ehr.cases.ehr_links"/>
</testsuite> <!-- com.ehr.cases.ehr_links -->
